<?xml version="1.0" encoding="UTF-8"?>
<!-- Generated by org.testng.reporters.JUnitReportReporter -->
<testsuite hostname="LE15-GNK1-IND" failures="0" tests="1" name="Academy2.ValidateNavBarContact" time="0.085" errors="0" timestamp="2022-07-07T21:07:16 IST" skipped="0">
  <testcase classname="Academy2.ValidateNavBarContact" name="basePageNavigation" time="0.085"/>
  <system-out/>
</testsuite> <!-- Academy2.ValidateNavBarContact -->
